
Pi.Alert v2025-02-06
---------------------------------------------------------
Executing user: pi
Timestamp: 2025-07-14 20:42:00

Retrieving Internet IP...
    31.22.14.184

Retrieving previous IP...
    31.22.14.184
    No changes to perform

Skipping Dynamic DNS update...

Continuous New Device Notification...
    Skipping... Not activated!

Auto Speedtest...
    Crontab: 00 7,22 * * *
    Speedtest function was NOT executed.

Auto Update-Check...
    Crontab: 0 3,9,15,21 * * *
    Version Check function was NOT executed.

Auto Backup...
    Skipping Auto Backup... Not activated!

Cleanup Reports...
    Skipping Cleanup Reports... Not activated!

DONE!!!


